logprior	lnL	length	dnds	omega0	omega	omegaent	ncluster	kappa	aaent	meanaaconc	aacenterent	statent	rrent
1997.57	-11858.6	55.3181	0.298152	0.298152	1	0	27	15.1194	1.85321	8.01809	2.92689	1.67458	1.67458
2554.43	-10262.5	35.2196	0.212716	0.212716	1	0	26	12.4252	1.67302	5.08257	2.93627	1.74092	1.74092
2786.16	-9846.77	28.8999	0.223194	0.223194	1	0	25	22.2508	1.60578	4.40672	2.9434	1.70287	1.70287
2970.39	-9759.09	27.8468	0.227424	0.227424	1	0	25	13.041	1.60516	3.79984	2.94292	1.65603	1.65603
2830.17	-9722.86	26.8871	0.247714	0.247714	1	0	26	15.9395	1.73499	4.69118	2.9432	1.65789	1.65789
2737.17	-9718.79	26.8751	0.243235	0.243235	1	0	26	8.50349	1.68279	4.54453	2.94449	1.62979	1.62979
3064	-9698.81	28.0578	0.199005	0.199005	1	0	28	14.8491	1.65924	4.12278	2.92213	1.65809	1.65809
3120.74	-9707.16	28.2003	0.218738	0.218738	1	0	25	14.0739	1.61047	4.14882	2.94155	1.65948	1.65948
2943.2	-9720.87	28.9958	0.226876	0.226876	1	0	28	8.09209	1.67272	3.98684	2.93967	1.61007	1.61007
3077.29	-9707.13	29.2559	0.249494	0.249494	1	0	24	10.1923	1.74352	4.65029	2.90979	1.62939	1.62939
3311.42	-9681.06	28.8738	0.224721	0.224721	1	0	27	13.8518	1.68822	3.51316	2.92788	1.63148	1.63148
3291.83	-9660.16	29.9787	0.215942	0.215942	1	0	26	8.95058	1.58008	3.56744	2.96309	1.66101	1.66101
3459.45	-9674.06	30.0186	0.206009	0.206009	1	0	29	16.4909	1.60217	3.20191	2.94432	1.64055	1.64055
3449.96	-9709.35	28.5988	0.204487	0.204487	1	0	25	8.66358	1.6081	3.63883	2.90452	1.62126	1.62126
3460.76	-9647.81	28.843	0.207202	0.207202	1	0	30	13.341	1.54174	3.40217	2.91898	1.6498	1.6498
3541.96	-9682.82	29.3743	0.212794	0.212794	1	0	24	18.6755	1.49691	3.45762	2.93726	1.67308	1.67308
3710.48	-9656.73	29.468	0.202375	0.202375	1	0	30	11.9506	1.56494	3.17119	2.92817	1.65584	1.65584
3809.16	-9670.16	29.6811	0.208821	0.208821	1	0	29	16.5252	1.56847	3.3313	2.90288	1.64799	1.64799
3717.78	-9764.28	28.9419	0.245384	0.245384	1	0	27	15.9532	1.67189	3.54555	2.90592	1.60934	1.60934
3665.28	-9713.06	29.5987	0.209681	0.209681	1	0	26	10.3293	1.68228	4.01395	2.87281	1.61582	1.61582
3627.28	-9670.33	29.1388	0.223726	0.223726	1	0	29	14.8997	1.59518	3.58437	2.92785	1.59522	1.59522
4013.56	-9686.63	29.4863	0.208916	0.208916	1	0	26	12.9331	1.53744	3.24111	2.88809	1.60988	1.60988
4231.62	-9679.7	29.5839	0.211032	0.211032	1	0	27	7.81579	1.43264	3.26115	2.90966	1.63327	1.63327
4143.58	-9644.96	30.8899	0.213236	0.213236	1	0	29	10.7724	1.46873	2.88367	2.9262	1.63395	1.63395
4429.34	-9672.95	29.958	0.203842	0.203842	1	0	29	8.79444	1.53819	3.05634	2.90486	1.61011	1.61011
4609.7	-9691.7	30.2344	0.215601	0.215601	1	0	26	9.66603	1.50156	2.86078	2.9079	1.64843	1.64843
4568.99	-9667.29	29.681	0.232255	0.232255	1	0	27	7.98454	1.49295	3.22551	2.8991	1.65645	1.65645
4782.16	-9696.05	28.1987	0.210559	0.210559	1	0	26	18.9039	1.50988	3.62283	2.83771	1.64687	1.64687
4189.44	-9696.83	30.178	0.220627	0.220627	1	0	27	12.6655	1.60329	3.45618	2.89444	1.6179	1.6179
4724.26	-9702.24	29.216	0.20246	0.20246	1	0	27	16.217	1.49201	3.12573	2.89049	1.64488	1.64488
4605.16	-9645.11	29.5365	0.212478	0.212478	1	0	29	13.5138	1.57684	3.20504	2.90373	1.61576	1.61576
4222.5	-9641.03	28.8066	0.208916	0.208916	1	0	25	11.5225	1.55695	3.15812	2.90776	1.61701	1.61701
4290.38	-9641.7	29.0844	0.20233	0.20233	1	0	29	14.3018	1.51178	3.19382	2.91464	1.62588	1.62588
4641.72	-9664.52	28.8109	0.198789	0.198789	1	0	27	10.2352	1.51811	3.11687	2.87043	1.61252	1.61252
4359.17	-9684.9	28.6594	0.210071	0.210071	1	0	29	13.3166	1.57334	3.72023	2.88767	1.59597	1.59597
4005.01	-9724.5	28.131	0.207336	0.207336	1	0	27	6.8507	1.53253	3.48796	2.87739	1.59178	1.59178
4215.67	-9660.57	28.6136	0.206167	0.206167	1	0	27	6.59944	1.59149	3.05651	2.87958	1.6166	1.6166
4210.61	-9658.08	29.4382	0.212933	0.212933	1	0	28	9.73746	1.54768	3.03074	2.93607	1.62421	1.62421
4286.6	-9630.49	30.3267	0.187853	0.187853	1	0	28	22.863	1.40064	2.899	2.91997	1.62359	1.62359
4259.67	-9648.31	30.7646	0.200798	0.200798	1	0	28	9.24392	1.52146	3.00572	2.87979	1.63455	1.63455
4490.16	-9662.22	29.3929	0.225898	0.225898	1	0	27	14.1502	1.56047	3.10464	2.852	1.64612	1.64612
4527.15	-9630.1	29.5289	0.202595	0.202595	1	0	27	12.6233	1.43365	2.8774	2.87736	1.59693	1.59693
4153.5	-9682.13	30.493	0.207816	0.207816	1	0	27	12.9852	1.51174	3.14382	2.90437	1.59972	1.59972
4056.32	-9641.78	30.4889	0.217497	0.217497	1	0	27	15.3336	1.50081	3.32667	2.88575	1.61911	1.61911
4068.22	-9687.81	31.0372	0.23069	0.23069	1	0	27	11.3509	1.53794	3.44475	2.89443	1.60264	1.60264
4038.79	-9652.32	30.7185	0.226462	0.226462	1	0	28	7.74784	1.53435	3.0414	2.92278	1.58002	1.58002
4569.48	-9666.04	31.6728	0.215056	0.215056	1	0	27	13.3778	1.52458	3.10239	2.89441	1.60009	1.60009
3954.91	-9660.42	30.2522	0.226326	0.226326	1	0	27	8.9163	1.55958	3.29681	2.87779	1.60777	1.60777
3947.15	-9721.78	30.9694	0.233268	0.233268	1	0	25	10.1133	1.66251	3.92115	2.85335	1.63264	1.63264
3841.15	-9720.79	30.1024	0.230714	0.230714	1	0	27	10.4305	1.64607	3.73618	2.86824	1.60222	1.60222
3820.12	-9711.09	30.7304	0.222399	0.222399	1	0	26	10.8746	1.66005	3.41268	2.91052	1.57941	1.57941
3955.67	-9672.76	29.1411	0.224976	0.224976	1	0	27	10.8329	1.6053	3.34721	2.89688	1.60879	1.60879
4278.36	-9685.47	30.339	0.195317	0.195317	1	0	27	10.4234	1.39875	3.1619	2.86252	1.61265	1.61265
3891.04	-9723.4	29.6706	0.220283	0.220283	1	0	25	10.7052	1.5317	3.43924	2.90276	1.59787	1.59787
3744.88	-9660.01	30.5964	0.215343	0.215343	1	0	28	14.5655	1.60194	3.65875	2.84698	1.62512	1.62512
4100.11	-9688.24	29.9724	0.219414	0.219414	1	0	28	7.27572	1.50878	3.04545	2.89001	1.58756	1.58756
4010.97	-9676.49	28.8855	0.228777	0.228777	1	0	26	12.2197	1.55515	3.33651	2.88491	1.61254	1.61254
4255.87	-9674.3	28.6089	0.227929	0.227929	1	0	28	11.518	1.51342	3.51197	2.85121	1.60981	1.60981
3982.19	-9638.94	28.7189	0.215102	0.215102	1	0	29	10.8543	1.49449	3.29262	2.89194	1.60952	1.60952
3853.09	-9665.26	29.769	0.221734	0.221734	1	0	29	13.374	1.54448	3.32594	2.92094	1.62798	1.62798
3793.88	-9669.4	29.8537	0.230229	0.230229	1	0	29	10.5799	1.50951	3.48871	2.92242	1.62694	1.62694
3697.58	-9675.12	30.2537	0.213367	0.213367	1	0	26	10.1969	1.54778	3.63589	2.90668	1.64864	1.64864
3498.02	-9665.32	28.7674	0.22598	0.22598	1	0	27	8.29979	1.49443	3.52268	2.91128	1.63733	1.63733