logprior	lnL	length	dnds	omega0	omega	omegaent	ncluster	kappa	aaent	meanaaconc	aacenterent	statent	rrent
2134.43	-11455.8	50.5548	0.286553	0.286553	1	0	22	15.3196	1.77777	6.38673	2.93107	1.42758	1.42758
2458.9	-10220.4	36.9017	0.212762	0.212762	1	0	24	9.94842	1.68973	5.1539	2.92823	1.58304	1.58304
2886.84	-9817.71	30.5827	0.211423	0.211423	1	0	26	11.3281	1.64617	4.72593	2.92563	1.67285	1.67285
2726.97	-9741.89	28.1769	0.227616	0.227616	1	0	27	11.4062	1.75084	5.16498	2.90994	1.65481	1.65481
3078.14	-9744.2	27.9835	0.247065	0.247065	1	0	29	15.6723	1.65152	4.09902	2.93046	1.62263	1.62263
3489.7	-9697.94	27.5125	0.20728	0.20728	1	0	28	11.9992	1.5451	3.89162	2.93891	1.62245	1.62245
3399.92	-9733.93	28.4386	0.222546	0.222546	1	0	27	14.4895	1.5931	3.60085	2.91851	1.62124	1.62124
3414.55	-9700.08	29.0321	0.204783	0.204783	1	0	26	9.47117	1.62454	3.6785	2.88257	1.64067	1.64067
3434.74	-9620.23	29.0844	0.212118	0.212118	1	0	30	14.9144	1.44191	3.29358	2.9585	1.63053	1.63053
3225.18	-9696.94	28.6053	0.233446	0.233446	1	0	27	16.246	1.63475	4.54421	2.86843	1.6324	1.6324
3270.38	-9648.64	28.6991	0.211272	0.211272	1	0	27	15.36	1.67893	4.04016	2.91502	1.63016	1.63016
3464.21	-9706.23	28.7166	0.216683	0.216683	1	0	25	8.06251	1.64191	4.38949	2.87462	1.59847	1.59847
3195.4	-9647.04	28.432	0.217026	0.217026	1	0	29	10.8645	1.64324	3.93427	2.9142	1.61387	1.61387
3455.5	-9668.58	29.8867	0.208848	0.208848	1	0	26	14.708	1.63983	4.17677	2.88608	1.62629	1.62629
3289.7	-9690.87	29.5191	0.22795	0.22795	1	0	27	12.177	1.64731	3.74331	2.92766	1.61456	1.61456
3659.99	-9638.01	29.8128	0.206245	0.206245	1	0	25	11.332	1.49372	3.14693	2.90947	1.61139	1.61139
4011.74	-9687.85	29.3118	0.201921	0.201921	1	0	29	9.29176	1.49906	3.06176	2.9092	1.62157	1.62157
3618.91	-9645.93	28.9176	0.212825	0.212825	1	0	25	9.92072	1.54489	3.26909	2.92073	1.58905	1.58905
3518.02	-9667.56	27.7529	0.222104	0.222104	1	0	28	12.0125	1.62566	3.35951	2.92734	1.61063	1.61063
3706.64	-9694.46	29.8808	0.198405	0.198405	1	0	28	10.6386	1.47003	3.40968	2.9017	1.61237	1.61237